<?xml version="1.0" encoding="UTF-8"?>
<!-- Generated by org.testng.reporters.JUnitReportReporter -->
<testsuite hostname="vasu-PC" name="testng.FirstTestNg" tests="1" failures="0" timestamp="6 Dec 2017 02:18:10 GMT" time="0.012" errors="0">
  <testcase name="appLunch" time="0.012" classname="testng.FirstTestNg"/>
</testsuite> <!-- testng.FirstTestNg -->
