<?xml version="1.0" encoding="UTF-8"?>
<!-- Generated by org.testng.reporters.JUnitReportReporter -->
<testsuite hostname="vasu-PC" name="testng.EmpList" tests="1" failures="0" timestamp="6 Dec 2017 02:35:13 GMT" time="3.270" errors="0">
  <testcase name="empList" time="3.270" classname="testng.EmpList"/>
</testsuite> <!-- testng.EmpList -->
