<?xml version="1.0" encoding="UTF-8"?>
<!-- Generated by org.testng.reporters.JUnitReportReporter -->
<testsuite hostname="vasu-PC" name="testng.AddEmp" tests="1" failures="0" timestamp="6 Dec 2017 02:35:13 GMT" time="4.492" errors="0">
  <testcase name="empAdd" time="4.492" classname="testng.AddEmp"/>
</testsuite> <!-- testng.AddEmp -->
