<?xml version="1.0" encoding="UTF-8"?>
<!-- Generated by org.testng.reporters.JUnitReportReporter -->
<testsuite hostname="vasu-PC" name="testng.AlertTest" tests="1" failures="0" timestamp="6 Dec 2017 02:18:10 GMT" time="11.856" errors="0">
  <testcase name="alertTest" time="11.856" classname="testng.AlertTest"/>
</testsuite> <!-- testng.AlertTest -->
