<?xml version="1.0" encoding="UTF-8"?>
<!-- Generated by org.testng.reporters.JUnitReportReporter -->
<testsuite hostname="vasu-PC" name="testng.MultipleTestCases" tests="3" failures="0" timestamp="6 Dec 2017 02:18:10 GMT" time="0.033" errors="0">
  <testcase name="appLogin" time="0.016" classname="testng.MultipleTestCases"/>
  <testcase name="appClose" time="0.003" classname="testng.MultipleTestCases"/>
  <testcase name="appLaunch" time="0.014" classname="testng.MultipleTestCases"/>
</testsuite> <!-- testng.MultipleTestCases -->
